{"/home/chrisb/projects/COMSYSv3/cmbaughman/cmbutil/index.js": {"path":"/home/chrisb/projects/COMSYSv3/cmbaughman/cmbutil/index.js","statementMap":{"0":{"start":{"line":1,"column":0},"end":{"line":115,"column":2}},"1":{"start":{"line":3,"column":19},"end":{"line":5,"column":8}},"2":{"start":{"line":4,"column":8},"end":{"line":4,"column":76}},"3":{"start":{"line":6,"column":6},"end":{"line":6,"column":30}},"4":{"start":{"line":10,"column":22},"end":{"line":17,"column":5}},"5":{"start":{"line":19,"column":4},"end":{"line":21,"column":7}},"6":{"start":{"line":20,"column":6},"end":{"line":20,"column":33}},"7":{"start":{"line":25,"column":4},"end":{"line":25,"column":38}},"8":{"start":{"line":29,"column":4},"end":{"line":29,"column":41}},"9":{"start":{"line":33,"column":4},"end":{"line":33,"column":48}},"10":{"start":{"line":37,"column":18},"end":{"line":37,"column":82}},"11":{"start":{"line":37,"column":36},"end":{"line":37,"column":81}},"12":{"start":{"line":37,"column":53},"end":{"line":37,"column":80}},"13":{"start":{"line":38,"column":4},"end":{"line":38,"column":29}},"14":{"start":{"line":42,"column":4},"end":{"line":42,"column":45}},"15":{"start":{"line":42,"column":33},"end":{"line":42,"column":45}},"16":{"start":{"line":43,"column":4},"end":{"line":43,"column":43}},"17":{"start":{"line":44,"column":16},"end":{"line":44,"column":63}},"18":{"start":{"line":45,"column":18},"end":{"line":45,"column":33}},"19":{"start":{"line":46,"column":4},"end":{"line":46,"column":30}},"20":{"start":{"line":46,"column":18},"end":{"line":46,"column":30}},"21":{"start":{"line":47,"column":4},"end":{"line":47,"column":62}},"22":{"start":{"line":51,"column":12},"end":{"line":51,"column":31}},"23":{"start":{"line":52,"column":23},"end":{"line":52,"column":145}},"24":{"start":{"line":53,"column":4},"end":{"line":53,"column":25}},"25":{"start":{"line":57,"column":4},"end":{"line":59,"column":5}},"26":{"start":{"line":58,"column":6},"end":{"line":58,"column":201}},"27":{"start":{"line":61,"column":4},"end":{"line":61,"column":202}},"28":{"start":{"line":67,"column":4},"end":{"line":82,"column":5}},"29":{"start":{"line":69,"column":18},"end":{"line":69,"column":30}},"30":{"start":{"line":70,"column":8},"end":{"line":70,"column":29}},"31":{"start":{"line":71,"column":8},"end":{"line":71,"column":29}},"32":{"start":{"line":72,"column":8},"end":{"line":72,"column":46}},"33":{"start":{"line":73,"column":8},"end":{"line":73,"column":24}},"34":{"start":{"line":74,"column":8},"end":{"line":74,"column":36}},"35":{"start":{"line":76,"column":8},"end":{"line":81,"column":9}},"36":{"start":{"line":77,"column":10},"end":{"line":77,"column":29}},"37":{"start":{"line":78,"column":10},"end":{"line":78,"column":29}},"38":{"start":{"line":79,"column":10},"end":{"line":79,"column":29}},"39":{"start":{"line":80,"column":10},"end":{"line":80,"column":38}},"40":{"start":{"line":84,"column":4},"end":{"line":84,"column":23}},"41":{"start":{"line":88,"column":20},"end":{"line":88,"column":44}},"42":{"start":{"line":89,"column":17},"end":{"line":89,"column":28}},"43":{"start":{"line":90,"column":18},"end":{"line":90,"column":20}},"44":{"start":{"line":92,"column":4},"end":{"line":94,"column":5}},"45":{"start":{"line":92,"column":20},"end":{"line":92,"column":24}},"46":{"start":{"line":93,"column":6},"end":{"line":93,"column":23}},"47":{"start":{"line":96,"column":4},"end":{"line":96,"column":17}},"48":{"start":{"line":100,"column":4},"end":{"line":100,"column":50}},"49":{"start":{"line":104,"column":4},"end":{"line":106,"column":5}},"50":{"start":{"line":105,"column":6},"end":{"line":105,"column":18}},"51":{"start":{"line":108,"column":14},"end":{"line":108,"column":27}},"52":{"start":{"line":109,"column":4},"end":{"line":109,"column":53}},"53":{"start":{"line":113,"column":4},"end":{"line":113,"column":42}}},"fnMap":{"0":{"name":"(anonymous_0)","decl":{"start":{"line":2,"column":2},"end":{"line":2,"column":3}},"loc":{"start":{"line":2,"column":16},"end":{"line":7,"column":3}},"line":2},"1":{"name":"(anonymous_1)","decl":{"start":{"line":3,"column":39},"end":{"line":3,"column":40}},"loc":{"start":{"line":3,"column":56},"end":{"line":5,"column":7}},"line":3},"2":{"name":"(anonymous_2)","decl":{"start":{"line":9,"column":2},"end":{"line":9,"column":3}},"loc":{"start":{"line":9,"column":21},"end":{"line":22,"column":3}},"line":9},"3":{"name":"(anonymous_3)","decl":{"start":{"line":19,"column":44},"end":{"line":19,"column":45}},"loc":{"start":{"line":19,"column":51},"end":{"line":21,"column":5}},"line":19},"4":{"name":"(anonymous_4)","decl":{"start":{"line":24,"column":2},"end":{"line":24,"column":3}},"loc":{"start":{"line":24,"column":21},"end":{"line":26,"column":3}},"line":24},"5":{"name":"(anonymous_5)","decl":{"start":{"line":28,"column":2},"end":{"line":28,"column":3}},"loc":{"start":{"line":28,"column":19},"end":{"line":30,"column":3}},"line":28},"6":{"name":"(anonymous_6)","decl":{"start":{"line":32,"column":2},"end":{"line":32,"column":3}},"loc":{"start":{"line":32,"column":15},"end":{"line":34,"column":3}},"line":32},"7":{"name":"(anonymous_7)","decl":{"start":{"line":36,"column":2},"end":{"line":36,"column":3}},"loc":{"start":{"line":36,"column":26},"end":{"line":39,"column":3}},"line":36},"8":{"name":"(anonymous_8)","decl":{"start":{"line":37,"column":27},"end":{"line":37,"column":28}},"loc":{"start":{"line":37,"column":36},"end":{"line":37,"column":81}},"line":37},"9":{"name":"(anonymous_9)","decl":{"start":{"line":37,"column":44},"end":{"line":37,"column":45}},"loc":{"start":{"line":37,"column":53},"end":{"line":37,"column":80}},"line":37},"10":{"name":"(anonymous_10)","decl":{"start":{"line":41,"column":2},"end":{"line":41,"column":3}},"loc":{"start":{"line":41,"column":27},"end":{"line":48,"column":3}},"line":41},"11":{"name":"(anonymous_11)","decl":{"start":{"line":50,"column":2},"end":{"line":50,"column":3}},"loc":{"start":{"line":50,"column":22},"end":{"line":54,"column":3}},"line":50},"12":{"name":"(anonymous_12)","decl":{"start":{"line":56,"column":2},"end":{"line":56,"column":3}},"loc":{"start":{"line":56,"column":19},"end":{"line":62,"column":3}},"line":56},"13":{"name":"(anonymous_13)","decl":{"start":{"line":64,"column":2},"end":{"line":64,"column":3}},"loc":{"start":{"line":64,"column":13},"end":{"line":85,"column":3}},"line":64},"14":{"name":"(anonymous_14)","decl":{"start":{"line":87,"column":2},"end":{"line":87,"column":3}},"loc":{"start":{"line":87,"column":13},"end":{"line":97,"column":3}},"line":87},"15":{"name":"(anonymous_15)","decl":{"start":{"line":99,"column":2},"end":{"line":99,"column":3}},"loc":{"start":{"line":99,"column":16},"end":{"line":101,"column":3}},"line":99},"16":{"name":"(anonymous_16)","decl":{"start":{"line":103,"column":2},"end":{"line":103,"column":3}},"loc":{"start":{"line":103,"column":18},"end":{"line":110,"column":3}},"line":103},"17":{"name":"(anonymous_17)","decl":{"start":{"line":112,"column":2},"end":{"line":112,"column":3}},"loc":{"start":{"line":112,"column":21},"end":{"line":114,"column":3}},"line":112}},"branchMap":{"0":{"loc":{"start":{"line":4,"column":15},"end":{"line":4,"column":75}},"type":"cond-expr","locations":[{"start":{"line":4,"column":43},"end":{"line":4,"column":67}},{"start":{"line":4,"column":70},"end":{"line":4,"column":75}}],"line":4},"1":{"loc":{"start":{"line":25,"column":12},"end":{"line":25,"column":36}},"type":"binary-expr","locations":[{"start":{"line":25,"column":12},"end":{"line":25,"column":16}},{"start":{"line":25,"column":20},"end":{"line":25,"column":36}}],"line":25},"2":{"loc":{"start":{"line":33,"column":11},"end":{"line":33,"column":47}},"type":"binary-expr","locations":[{"start":{"line":33,"column":11},"end":{"line":33,"column":32}},{"start":{"line":33,"column":36},"end":{"line":33,"column":47}}],"line":33},"3":{"loc":{"start":{"line":42,"column":4},"end":{"line":42,"column":45}},"type":"if","locations":[{"start":{"line":42,"column":4},"end":{"line":42,"column":45}},{"start":{},"end":{}}],"line":42},"4":{"loc":{"start":{"line":46,"column":4},"end":{"line":46,"column":30}},"type":"if","locations":[{"start":{"line":46,"column":4},"end":{"line":46,"column":30}},{"start":{},"end":{}}],"line":46},"5":{"loc":{"start":{"line":57,"column":4},"end":{"line":59,"column":5}},"type":"if","locations":[{"start":{"line":57,"column":4},"end":{"line":59,"column":5}},{"start":{},"end":{}}],"line":57},"6":{"loc":{"start":{"line":67,"column":4},"end":{"line":82,"column":5}},"type":"switch","locations":[{"start":{"line":68,"column":6},"end":{"line":74,"column":36}},{"start":{"line":75,"column":6},"end":{"line":81,"column":9}}],"line":67},"7":{"loc":{"start":{"line":76,"column":8},"end":{"line":81,"column":9}},"type":"if","locations":[{"start":{"line":76,"column":8},"end":{"line":81,"column":9}},{"start":{},"end":{}}],"line":76},"8":{"loc":{"start":{"line":76,"column":12},"end":{"line":76,"column":56}},"type":"binary-expr","locations":[{"start":{"line":76,"column":13},"end":{"line":76,"column":31}},{"start":{"line":76,"column":37},"end":{"line":76,"column":55}}],"line":76},"9":{"loc":{"start":{"line":104,"column":4},"end":{"line":106,"column":5}},"type":"if","locations":[{"start":{"line":104,"column":4},"end":{"line":106,"column":5}},{"start":{},"end":{}}],"line":104}},"s":{"0":1,"1":2,"2":4,"3":2,"4":1,"5":1,"6":2,"7":10,"8":1,"9":3,"10":1,"11":1,"12":1,"13":1,"14":4,"15":1,"16":3,"17":3,"18":3,"19":3,"20":1,"21":2,"22":1,"23":1,"24":1,"25":2,"26":1,"27":1,"28":5,"29":1,"30":1,"31":1,"32":1,"33":1,"34":1,"35":3,"36":2,"37":2,"38":2,"39":2,"40":2,"41":1,"42":1,"43":1,"44":1,"45":1,"46":5,"47":1,"48":1,"49":2,"50":1,"51":1,"52":1,"53":1},"f":{"0":2,"1":4,"2":1,"3":2,"4":10,"5":1,"6":3,"7":1,"8":1,"9":1,"10":4,"11":1,"12":2,"13":5,"14":1,"15":1,"16":2,"17":1},"b":{"0":[1,3],"1":[10,6],"2":[3,2],"3":[1,3],"4":[1,2],"5":[1,1],"6":[1,3],"7":[2,1],"8":[3,2],"9":[1,1]},"_coverageSchema":"1a1c01bbd47fc00a2c39e90264f33305004495a9","hash":"6cd77cb2512a38ecfc241e49d1902c6d2e886acd"}
}
