{"/home/chrisb/projects/COMSYSv3/cmbaughman/cmbutil/index.js": {"path":"/home/chrisb/projects/COMSYSv3/cmbaughman/cmbutil/index.js","statementMap":{"0":{"start":{"line":1,"column":0},"end":{"line":193,"column":2}},"1":{"start":{"line":4,"column":19},"end":{"line":6,"column":8}},"2":{"start":{"line":5,"column":8},"end":{"line":5,"column":76}},"3":{"start":{"line":7,"column":6},"end":{"line":7,"column":30}},"4":{"start":{"line":12,"column":22},"end":{"line":19,"column":5}},"5":{"start":{"line":21,"column":4},"end":{"line":23,"column":7}},"6":{"start":{"line":22,"column":6},"end":{"line":22,"column":33}},"7":{"start":{"line":32,"column":4},"end":{"line":32,"column":38}},"8":{"start":{"line":41,"column":4},"end":{"line":41,"column":41}},"9":{"start":{"line":50,"column":4},"end":{"line":50,"column":48}},"10":{"start":{"line":61,"column":18},"end":{"line":61,"column":82}},"11":{"start":{"line":61,"column":36},"end":{"line":61,"column":81}},"12":{"start":{"line":61,"column":53},"end":{"line":61,"column":80}},"13":{"start":{"line":62,"column":4},"end":{"line":62,"column":29}},"14":{"start":{"line":72,"column":4},"end":{"line":72,"column":45}},"15":{"start":{"line":72,"column":33},"end":{"line":72,"column":45}},"16":{"start":{"line":73,"column":4},"end":{"line":73,"column":43}},"17":{"start":{"line":74,"column":16},"end":{"line":74,"column":63}},"18":{"start":{"line":75,"column":18},"end":{"line":75,"column":33}},"19":{"start":{"line":76,"column":4},"end":{"line":76,"column":30}},"20":{"start":{"line":76,"column":18},"end":{"line":76,"column":30}},"21":{"start":{"line":77,"column":4},"end":{"line":77,"column":62}},"22":{"start":{"line":86,"column":15},"end":{"line":86,"column":25}},"23":{"start":{"line":87,"column":4},"end":{"line":87,"column":25}},"24":{"start":{"line":88,"column":4},"end":{"line":88,"column":52}},"25":{"start":{"line":96,"column":15},"end":{"line":96,"column":25}},"26":{"start":{"line":97,"column":14},"end":{"line":97,"column":16}},"27":{"start":{"line":98,"column":4},"end":{"line":101,"column":5}},"28":{"start":{"line":98,"column":21},"end":{"line":98,"column":22}},"29":{"start":{"line":99,"column":6},"end":{"line":99,"column":27}},"30":{"start":{"line":100,"column":6},"end":{"line":100,"column":57}},"31":{"start":{"line":102,"column":4},"end":{"line":102,"column":15}},"32":{"start":{"line":111,"column":4},"end":{"line":113,"column":5}},"33":{"start":{"line":112,"column":6},"end":{"line":112,"column":201}},"34":{"start":{"line":115,"column":4},"end":{"line":115,"column":202}},"35":{"start":{"line":126,"column":4},"end":{"line":141,"column":5}},"36":{"start":{"line":128,"column":18},"end":{"line":128,"column":30}},"37":{"start":{"line":129,"column":8},"end":{"line":129,"column":29}},"38":{"start":{"line":130,"column":8},"end":{"line":130,"column":29}},"39":{"start":{"line":131,"column":8},"end":{"line":131,"column":46}},"40":{"start":{"line":132,"column":8},"end":{"line":132,"column":24}},"41":{"start":{"line":133,"column":8},"end":{"line":133,"column":36}},"42":{"start":{"line":135,"column":8},"end":{"line":140,"column":9}},"43":{"start":{"line":136,"column":10},"end":{"line":136,"column":29}},"44":{"start":{"line":137,"column":10},"end":{"line":137,"column":29}},"45":{"start":{"line":138,"column":10},"end":{"line":138,"column":29}},"46":{"start":{"line":139,"column":10},"end":{"line":139,"column":38}},"47":{"start":{"line":143,"column":4},"end":{"line":143,"column":23}},"48":{"start":{"line":151,"column":20},"end":{"line":151,"column":44}},"49":{"start":{"line":152,"column":17},"end":{"line":152,"column":28}},"50":{"start":{"line":153,"column":18},"end":{"line":153,"column":20}},"51":{"start":{"line":155,"column":4},"end":{"line":157,"column":5}},"52":{"start":{"line":155,"column":20},"end":{"line":155,"column":24}},"53":{"start":{"line":156,"column":6},"end":{"line":156,"column":23}},"54":{"start":{"line":159,"column":4},"end":{"line":159,"column":17}},"55":{"start":{"line":168,"column":4},"end":{"line":168,"column":50}},"56":{"start":{"line":177,"column":4},"end":{"line":179,"column":5}},"57":{"start":{"line":178,"column":6},"end":{"line":178,"column":18}},"58":{"start":{"line":181,"column":14},"end":{"line":181,"column":27}},"59":{"start":{"line":182,"column":4},"end":{"line":182,"column":53}},"60":{"start":{"line":191,"column":4},"end":{"line":191,"column":42}}},"fnMap":{"0":{"name":"(anonymous_0)","decl":{"start":{"line":3,"column":2},"end":{"line":3,"column":3}},"loc":{"start":{"line":3,"column":16},"end":{"line":8,"column":3}},"line":3},"1":{"name":"(anonymous_1)","decl":{"start":{"line":4,"column":39},"end":{"line":4,"column":40}},"loc":{"start":{"line":4,"column":56},"end":{"line":6,"column":7}},"line":4},"2":{"name":"(anonymous_2)","decl":{"start":{"line":11,"column":2},"end":{"line":11,"column":3}},"loc":{"start":{"line":11,"column":21},"end":{"line":24,"column":3}},"line":11},"3":{"name":"(anonymous_3)","decl":{"start":{"line":21,"column":44},"end":{"line":21,"column":45}},"loc":{"start":{"line":21,"column":51},"end":{"line":23,"column":5}},"line":21},"4":{"name":"(anonymous_4)","decl":{"start":{"line":31,"column":2},"end":{"line":31,"column":3}},"loc":{"start":{"line":31,"column":21},"end":{"line":33,"column":3}},"line":31},"5":{"name":"(anonymous_5)","decl":{"start":{"line":40,"column":2},"end":{"line":40,"column":3}},"loc":{"start":{"line":40,"column":19},"end":{"line":42,"column":3}},"line":40},"6":{"name":"(anonymous_6)","decl":{"start":{"line":49,"column":2},"end":{"line":49,"column":3}},"loc":{"start":{"line":49,"column":15},"end":{"line":51,"column":3}},"line":49},"7":{"name":"(anonymous_7)","decl":{"start":{"line":60,"column":2},"end":{"line":60,"column":3}},"loc":{"start":{"line":60,"column":26},"end":{"line":63,"column":3}},"line":60},"8":{"name":"(anonymous_8)","decl":{"start":{"line":61,"column":27},"end":{"line":61,"column":28}},"loc":{"start":{"line":61,"column":36},"end":{"line":61,"column":81}},"line":61},"9":{"name":"(anonymous_9)","decl":{"start":{"line":61,"column":44},"end":{"line":61,"column":45}},"loc":{"start":{"line":61,"column":53},"end":{"line":61,"column":80}},"line":61},"10":{"name":"(anonymous_10)","decl":{"start":{"line":71,"column":2},"end":{"line":71,"column":3}},"loc":{"start":{"line":71,"column":27},"end":{"line":78,"column":3}},"line":71},"11":{"name":"(anonymous_11)","decl":{"start":{"line":85,"column":2},"end":{"line":85,"column":3}},"loc":{"start":{"line":85,"column":22},"end":{"line":89,"column":3}},"line":85},"12":{"name":"(anonymous_12)","decl":{"start":{"line":95,"column":2},"end":{"line":95,"column":3}},"loc":{"start":{"line":95,"column":21},"end":{"line":103,"column":3}},"line":95},"13":{"name":"(anonymous_13)","decl":{"start":{"line":110,"column":2},"end":{"line":110,"column":3}},"loc":{"start":{"line":110,"column":19},"end":{"line":116,"column":3}},"line":110},"14":{"name":"(anonymous_14)","decl":{"start":{"line":123,"column":2},"end":{"line":123,"column":3}},"loc":{"start":{"line":123,"column":13},"end":{"line":144,"column":3}},"line":123},"15":{"name":"(anonymous_15)","decl":{"start":{"line":150,"column":2},"end":{"line":150,"column":3}},"loc":{"start":{"line":150,"column":13},"end":{"line":160,"column":3}},"line":150},"16":{"name":"(anonymous_16)","decl":{"start":{"line":167,"column":2},"end":{"line":167,"column":3}},"loc":{"start":{"line":167,"column":16},"end":{"line":169,"column":3}},"line":167},"17":{"name":"(anonymous_17)","decl":{"start":{"line":176,"column":2},"end":{"line":176,"column":3}},"loc":{"start":{"line":176,"column":18},"end":{"line":183,"column":3}},"line":176},"18":{"name":"(anonymous_18)","decl":{"start":{"line":190,"column":2},"end":{"line":190,"column":3}},"loc":{"start":{"line":190,"column":21},"end":{"line":192,"column":3}},"line":190}},"branchMap":{"0":{"loc":{"start":{"line":5,"column":15},"end":{"line":5,"column":75}},"type":"cond-expr","locations":[{"start":{"line":5,"column":43},"end":{"line":5,"column":67}},{"start":{"line":5,"column":70},"end":{"line":5,"column":75}}],"line":5},"1":{"loc":{"start":{"line":32,"column":12},"end":{"line":32,"column":36}},"type":"binary-expr","locations":[{"start":{"line":32,"column":12},"end":{"line":32,"column":16}},{"start":{"line":32,"column":20},"end":{"line":32,"column":36}}],"line":32},"2":{"loc":{"start":{"line":50,"column":11},"end":{"line":50,"column":47}},"type":"binary-expr","locations":[{"start":{"line":50,"column":11},"end":{"line":50,"column":32}},{"start":{"line":50,"column":36},"end":{"line":50,"column":47}}],"line":50},"3":{"loc":{"start":{"line":72,"column":4},"end":{"line":72,"column":45}},"type":"if","locations":[{"start":{"line":72,"column":4},"end":{"line":72,"column":45}},{"start":{},"end":{}}],"line":72},"4":{"loc":{"start":{"line":76,"column":4},"end":{"line":76,"column":30}},"type":"if","locations":[{"start":{"line":76,"column":4},"end":{"line":76,"column":30}},{"start":{},"end":{}}],"line":76},"5":{"loc":{"start":{"line":111,"column":4},"end":{"line":113,"column":5}},"type":"if","locations":[{"start":{"line":111,"column":4},"end":{"line":113,"column":5}},{"start":{},"end":{}}],"line":111},"6":{"loc":{"start":{"line":126,"column":4},"end":{"line":141,"column":5}},"type":"switch","locations":[{"start":{"line":127,"column":6},"end":{"line":133,"column":36}},{"start":{"line":134,"column":6},"end":{"line":140,"column":9}}],"line":126},"7":{"loc":{"start":{"line":135,"column":8},"end":{"line":140,"column":9}},"type":"if","locations":[{"start":{"line":135,"column":8},"end":{"line":140,"column":9}},{"start":{},"end":{}}],"line":135},"8":{"loc":{"start":{"line":135,"column":12},"end":{"line":135,"column":56}},"type":"binary-expr","locations":[{"start":{"line":135,"column":13},"end":{"line":135,"column":31}},{"start":{"line":135,"column":37},"end":{"line":135,"column":55}}],"line":135},"9":{"loc":{"start":{"line":177,"column":4},"end":{"line":179,"column":5}},"type":"if","locations":[{"start":{"line":177,"column":4},"end":{"line":179,"column":5}},{"start":{},"end":{}}],"line":177}},"s":{"0":1,"1":2,"2":4,"3":2,"4":1,"5":1,"6":2,"7":10,"8":1,"9":3,"10":1,"11":1,"12":1,"13":1,"14":4,"15":1,"16":3,"17":3,"18":3,"19":3,"20":1,"21":2,"22":1,"23":1,"24":1,"25":1,"26":1,"27":1,"28":1,"29":12,"30":12,"31":1,"32":2,"33":1,"34":1,"35":5,"36":1,"37":1,"38":1,"39":1,"40":1,"41":1,"42":3,"43":2,"44":2,"45":2,"46":2,"47":2,"48":1,"49":1,"50":1,"51":1,"52":1,"53":5,"54":1,"55":1,"56":2,"57":1,"58":1,"59":1,"60":1},"f":{"0":2,"1":4,"2":1,"3":2,"4":10,"5":1,"6":3,"7":1,"8":1,"9":1,"10":4,"11":1,"12":1,"13":2,"14":5,"15":1,"16":1,"17":2,"18":1},"b":{"0":[1,3],"1":[10,6],"2":[3,2],"3":[1,3],"4":[1,2],"5":[1,1],"6":[1,3],"7":[2,1],"8":[3,2],"9":[1,1]},"_coverageSchema":"1a1c01bbd47fc00a2c39e90264f33305004495a9","hash":"6ac62aff638229c81a479ec6c9c1862aec2c7769"}
}
