TN:
SF:src/index.ts
FN:6,(anonymous_0)
FN:7,(anonymous_1)
FN:14,(anonymous_2)
FN:24,(anonymous_3)
FN:34,(anonymous_4)
FN:43,(anonymous_5)
FN:52,(anonymous_6)
FN:63,(anonymous_7)
FN:64,(anonymous_8)
FN:64,(anonymous_9)
FN:74,(anonymous_10)
FN:88,(anonymous_11)
FN:98,(anonymous_12)
FN:113,(anonymous_13)
FN:128,(anonymous_14)
FN:156,(anonymous_15)
FN:173,(anonymous_16)
FN:182,(anonymous_17)
FN:196,(anonymous_18)
FNF:19
FNH:19
FNDA:2,(anonymous_0)
FNDA:4,(anonymous_1)
FNDA:1,(anonymous_2)
FNDA:2,(anonymous_3)
FNDA:10,(anonymous_4)
FNDA:1,(anonymous_5)
FNDA:3,(anonymous_6)
FNDA:1,(anonymous_7)
FNDA:1,(anonymous_8)
FNDA:1,(anonymous_9)
FNDA:4,(anonymous_10)
FNDA:1,(anonymous_11)
FNDA:1,(anonymous_12)
FNDA:2,(anonymous_13)
FNDA:6,(anonymous_14)
FNDA:1,(anonymous_15)
FNDA:1,(anonymous_16)
FNDA:2,(anonymous_17)
FNDA:1,(anonymous_18)
DA:6,1
DA:7,2
DA:8,4
DA:10,2
DA:14,1
DA:15,1
DA:24,1
DA:25,2
DA:34,1
DA:35,10
DA:43,1
DA:44,1
DA:52,1
DA:53,3
DA:63,1
DA:64,1
DA:65,1
DA:74,1
DA:75,4
DA:76,3
DA:77,3
DA:78,3
DA:79,3
DA:80,2
DA:88,1
DA:89,1
DA:90,1
DA:91,1
DA:98,1
DA:99,1
DA:100,1
DA:101,1
DA:102,12
DA:103,12
DA:105,1
DA:113,1
DA:115,1
DA:116,1
DA:119,1
DA:120,1
DA:128,1
DA:133,1
DA:134,1
DA:135,1
DA:136,1
DA:137,1
DA:140,3
DA:141,3
DA:142,3
DA:143,3
DA:149,2
DA:156,1
DA:157,1
DA:158,1
DA:159,1
DA:161,1
DA:162,5
DA:165,1
DA:173,1
DA:174,1
DA:182,1
DA:184,1
DA:187,1
DA:188,1
DA:196,1
DA:197,1
LF:66
LH:66
BRDA:8,0,0,1
BRDA:8,0,1,3
BRDA:35,1,0,10
BRDA:35,1,1,6
BRDA:53,2,0,3
BRDA:53,2,1,2
BRDA:75,3,0,1
BRDA:79,4,0,1
BRDA:132,5,0,1
BRDA:139,6,0,4
BRDA:139,6,1,3
BRF:11
BRH:11
end_of_record
