TN:
SF:index.js
FN:2,(anonymous_0)
FN:3,(anonymous_1)
FN:9,(anonymous_2)
FN:19,(anonymous_3)
FN:24,(anonymous_4)
FN:28,(anonymous_5)
FN:32,(anonymous_6)
FN:36,(anonymous_7)
FN:37,(anonymous_8)
FN:37,(anonymous_9)
FN:41,(anonymous_10)
FN:50,(anonymous_11)
FN:56,(anonymous_12)
FN:64,(anonymous_13)
FN:87,(anonymous_14)
FN:99,(anonymous_15)
FN:103,(anonymous_16)
FN:112,(anonymous_17)
FNF:18
FNH:18
FNDA:2,(anonymous_0)
FNDA:4,(anonymous_1)
FNDA:1,(anonymous_2)
FNDA:2,(anonymous_3)
FNDA:10,(anonymous_4)
FNDA:1,(anonymous_5)
FNDA:3,(anonymous_6)
FNDA:1,(anonymous_7)
FNDA:1,(anonymous_8)
FNDA:1,(anonymous_9)
FNDA:4,(anonymous_10)
FNDA:1,(anonymous_11)
FNDA:2,(anonymous_12)
FNDA:5,(anonymous_13)
FNDA:1,(anonymous_14)
FNDA:1,(anonymous_15)
FNDA:2,(anonymous_16)
FNDA:1,(anonymous_17)
DA:1,1
DA:3,2
DA:4,4
DA:6,2
DA:10,1
DA:19,1
DA:20,2
DA:25,10
DA:29,1
DA:33,3
DA:37,1
DA:38,1
DA:42,4
DA:43,3
DA:44,3
DA:45,3
DA:46,3
DA:47,2
DA:51,1
DA:52,1
DA:53,1
DA:57,2
DA:58,1
DA:61,1
DA:67,5
DA:69,1
DA:70,1
DA:71,1
DA:72,1
DA:73,1
DA:74,1
DA:76,3
DA:77,2
DA:78,2
DA:79,2
DA:80,2
DA:84,2
DA:88,1
DA:89,1
DA:90,1
DA:92,1
DA:93,5
DA:96,1
DA:100,1
DA:104,2
DA:105,1
DA:108,1
DA:109,1
DA:113,1
LF:49
LH:49
BRDA:4,0,0,1
BRDA:4,0,1,3
BRDA:25,1,0,10
BRDA:25,1,1,6
BRDA:33,2,0,3
BRDA:33,2,1,2
BRDA:42,3,0,1
BRDA:42,3,1,3
BRDA:46,4,0,1
BRDA:46,4,1,2
BRDA:57,5,0,1
BRDA:57,5,1,1
BRDA:67,6,0,1
BRDA:67,6,1,3
BRDA:76,7,0,2
BRDA:76,7,1,1
BRDA:76,8,0,3
BRDA:76,8,1,2
BRDA:104,9,0,1
BRDA:104,9,1,1
BRF:20
BRH:20
end_of_record
